2021-10-09 13:55:43,177 INFO org.springframework.boot.StartupInfoLogger [main] Starting AccountSystemApiApplicationTests using Java 11.0.12 on Lloyd-PC with PID 7332 (started by User-Pc in C:\Users\User-Pc\Desktop\account-system-api)
2021-10-09 13:55:43,181 DEBUG org.springframework.boot.StartupInfoLogger [main] Running with Spring Boot v2.4.10, Spring v5.3.9
2021-10-09 13:55:43,182 INFO org.springframework.boot.SpringApplication [main] No active profile set, falling back to default profiles: default
2021-10-09 13:58:05,040 INFO org.springframework.boot.StartupInfoLogger [main] Starting AccountSystemApiApplicationTests using Java 11.0.12 on Lloyd-PC with PID 21272 (started by User-Pc in C:\Users\User-Pc\Desktop\account-system-api)
2021-10-09 13:58:05,042 DEBUG org.springframework.boot.StartupInfoLogger [main] Running with Spring Boot v2.4.10, Spring v5.3.9
2021-10-09 13:58:05,044 INFO org.springframework.boot.SpringApplication [main] No active profile set, falling back to default profiles: default
2021-10-09 14:41:29,410 INFO org.springframework.boot.StartupInfoLogger [main] Starting AccountSystemApiApplication using Java 11.0.12 on Lloyd-PC with PID 10836 (C:\Users\User-Pc\Desktop\account-system-api\target\classes started by User-Pc in C:\Users\User-Pc\Desktop\account-system-api)
2021-10-09 14:41:29,413 DEBUG org.springframework.boot.StartupInfoLogger [main] Running with Spring Boot v2.4.10, Spring v5.3.9
2021-10-09 14:41:29,413 INFO org.springframework.boot.SpringApplication [main] No active profile set, falling back to default profiles: default
2021-10-09 14:41:34,406 INFO org.springframework.boot.StartupInfoLogger [main] Started AccountSystemApiApplication in 5.545 seconds (JVM running for 6.0)
2021-10-09 15:21:57,932 INFO org.springframework.boot.StartupInfoLogger [main] Starting AccountSystemApiApplication using Java 11.0.12 on Lloyd-PC with PID 15324 (C:\Users\User-Pc\Desktop\account-system-api\target\classes started by User-Pc in C:\Users\User-Pc\Desktop\account-system-api)
2021-10-09 15:21:57,932 DEBUG org.springframework.boot.StartupInfoLogger [main] Running with Spring Boot v2.4.10, Spring v5.3.9
2021-10-09 15:21:57,932 INFO org.springframework.boot.SpringApplication [main] No active profile set, falling back to default profiles: default
2021-10-09 15:22:02,734 INFO org.springframework.boot.StartupInfoLogger [main] Started AccountSystemApiApplication in 5.297 seconds (JVM running for 5.74)
2021-10-09 15:26:25,177 INFO org.springframework.boot.StartupInfoLogger [main] Starting UserRepositoryTest using Java 11.0.12 on Lloyd-PC with PID 14480 (started by User-Pc in C:\Users\User-Pc\Desktop\account-system-api)
2021-10-09 15:26:25,177 DEBUG org.springframework.boot.StartupInfoLogger [main] Running with Spring Boot v2.4.10, Spring v5.3.9
2021-10-09 15:26:25,177 INFO org.springframework.boot.SpringApplication [main] No active profile set, falling back to default profiles: default
2021-10-09 15:26:28,283 INFO org.springframework.boot.StartupInfoLogger [main] Started UserRepositoryTest in 3.596 seconds (JVM running for 4.686)
2021-10-09 20:55:33,496 INFO org.springframework.boot.StartupInfoLogger [main] Starting MilesAccountRepositoryTest using Java 11.0.12 on Lloyd-PC with PID 15688 (started by User-Pc in C:\Users\User-Pc\Desktop\account-system-api)
2021-10-09 20:55:33,498 DEBUG org.springframework.boot.StartupInfoLogger [main] Running with Spring Boot v2.4.10, Spring v5.3.9
2021-10-09 20:55:33,500 INFO org.springframework.boot.SpringApplication [main] No active profile set, falling back to default profiles: default
2021-10-09 20:55:36,593 INFO org.springframework.boot.StartupInfoLogger [main] Started MilesAccountRepositoryTest in 3.577 seconds (JVM running for 4.6)
2021-10-09 20:57:13,254 INFO org.springframework.boot.StartupInfoLogger [main] Starting MilesAccountRepositoryTest using Java 11.0.12 on Lloyd-PC with PID 8716 (started by User-Pc in C:\Users\User-Pc\Desktop\account-system-api)
2021-10-09 20:57:13,256 DEBUG org.springframework.boot.StartupInfoLogger [main] Running with Spring Boot v2.4.10, Spring v5.3.9
2021-10-09 20:57:13,258 INFO org.springframework.boot.SpringApplication [main] No active profile set, falling back to default profiles: default
2021-10-09 20:57:16,278 INFO org.springframework.boot.StartupInfoLogger [main] Started MilesAccountRepositoryTest in 3.507 seconds (JVM running for 4.487)
2021-10-09 20:59:36,920 INFO org.springframework.boot.StartupInfoLogger [main] Starting MilesAccountRepositoryTest using Java 11.0.12 on Lloyd-PC with PID 12352 (started by User-Pc in C:\Users\User-Pc\Desktop\account-system-api)
2021-10-09 20:59:36,922 DEBUG org.springframework.boot.StartupInfoLogger [main] Running with Spring Boot v2.4.10, Spring v5.3.9
2021-10-09 20:59:36,924 INFO org.springframework.boot.SpringApplication [main] No active profile set, falling back to default profiles: default
2021-10-09 20:59:39,984 INFO org.springframework.boot.StartupInfoLogger [main] Starting MilesAccountRepositoryTest using Java 11.0.12 on Lloyd-PC with PID 12352 (started by User-Pc in C:\Users\User-Pc\Desktop\account-system-api)
2021-10-09 20:59:39,984 DEBUG org.springframework.boot.StartupInfoLogger [main] Running with Spring Boot v2.4.10, Spring v5.3.9
2021-10-09 20:59:39,986 INFO org.springframework.boot.SpringApplication [main] No active profile set, falling back to default profiles: default
2021-10-09 21:02:52,707 INFO org.springframework.boot.StartupInfoLogger [main] Starting MilesAccountRepositoryTest using Java 11.0.12 on Lloyd-PC with PID 14120 (started by User-Pc in C:\Users\User-Pc\Desktop\account-system-api)
2021-10-09 21:02:52,708 DEBUG org.springframework.boot.StartupInfoLogger [main] Running with Spring Boot v2.4.10, Spring v5.3.9
2021-10-09 21:02:52,710 INFO org.springframework.boot.SpringApplication [main] No active profile set, falling back to default profiles: default
2021-10-09 21:02:55,778 INFO org.springframework.boot.StartupInfoLogger [main] Starting MilesAccountRepositoryTest using Java 11.0.12 on Lloyd-PC with PID 14120 (started by User-Pc in C:\Users\User-Pc\Desktop\account-system-api)
2021-10-09 21:02:55,779 DEBUG org.springframework.boot.StartupInfoLogger [main] Running with Spring Boot v2.4.10, Spring v5.3.9
2021-10-09 21:02:55,780 INFO org.springframework.boot.SpringApplication [main] No active profile set, falling back to default profiles: default
2021-10-09 21:03:22,573 INFO org.springframework.boot.StartupInfoLogger [main] Starting MilesAccountRepositoryTest using Java 11.0.12 on Lloyd-PC with PID 11796 (started by User-Pc in C:\Users\User-Pc\Desktop\account-system-api)
2021-10-09 21:03:22,574 DEBUG org.springframework.boot.StartupInfoLogger [main] Running with Spring Boot v2.4.10, Spring v5.3.9
2021-10-09 21:03:22,577 INFO org.springframework.boot.SpringApplication [main] No active profile set, falling back to default profiles: default
2021-10-09 21:03:23,630 INFO org.springframework.boot.StartupInfoLogger [main] Starting MilesAccountRepositoryTest using Java 11.0.12 on Lloyd-PC with PID 22112 (started by User-Pc in C:\Users\User-Pc\Desktop\account-system-api)
2021-10-09 21:03:23,633 DEBUG org.springframework.boot.StartupInfoLogger [main] Running with Spring Boot v2.4.10, Spring v5.3.9
2021-10-09 21:03:23,635 INFO org.springframework.boot.SpringApplication [main] No active profile set, falling back to default profiles: default
2021-10-09 21:03:26,158 INFO org.springframework.boot.StartupInfoLogger [main] Started MilesAccountRepositoryTest in 4.16 seconds (JVM running for 5.483)
2021-10-09 21:03:26,991 INFO org.springframework.boot.StartupInfoLogger [main] Started MilesAccountRepositoryTest in 3.873 seconds (JVM running for 5.012)
2021-10-09 21:04:24,019 INFO org.springframework.boot.StartupInfoLogger [main] Starting AccountSystemApiApplication using Java 11.0.12 on Lloyd-PC with PID 10420 (C:\Users\User-Pc\Desktop\account-system-api\target\classes started by User-Pc in C:\Users\User-Pc\Desktop\account-system-api)
2021-10-09 21:04:24,021 DEBUG org.springframework.boot.StartupInfoLogger [main] Running with Spring Boot v2.4.10, Spring v5.3.9
2021-10-09 21:04:24,022 INFO org.springframework.boot.SpringApplication [main] No active profile set, falling back to default profiles: default
2021-10-09 21:04:28,645 INFO org.springframework.boot.StartupInfoLogger [main] Started AccountSystemApiApplication in 5.142 seconds (JVM running for 5.608)
2021-10-09 21:04:44,614 DEBUG za.co.nwu.accountsystemapi.milesaccount.MilesAccountController [http-nio-8080-exec-9] Get Miles Account(s) Controller Fired
2021-10-09 21:05:08,200 DEBUG za.co.nwu.accountsystemapi.milesaccount.MilesAccountController [http-nio-8080-exec-2] Create Miles Account Controller Fired
2021-10-09 21:05:30,023 DEBUG za.co.nwu.accountsystemapi.milesaccount.MilesAccountController [http-nio-8080-exec-4] Get Miles Account(s) Controller Fired
2021-10-09 21:05:39,160 DEBUG za.co.nwu.accountsystemapi.milesaccount.MilesAccountController [http-nio-8080-exec-7] Create Miles Account Controller Fired
2021-10-09 21:06:18,367 INFO org.springframework.boot.StartupInfoLogger [main] Starting MilesAccountRepositoryTest using Java 11.0.12 on Lloyd-PC with PID 4860 (started by User-Pc in C:\Users\User-Pc\Desktop\account-system-api)
2021-10-09 21:06:18,368 DEBUG org.springframework.boot.StartupInfoLogger [main] Running with Spring Boot v2.4.10, Spring v5.3.9
2021-10-09 21:06:18,370 INFO org.springframework.boot.SpringApplication [main] No active profile set, falling back to default profiles: default
2021-10-09 21:06:21,437 INFO org.springframework.boot.StartupInfoLogger [main] Started MilesAccountRepositoryTest in 3.555 seconds (JVM running for 4.572)
2021-10-09 21:09:27,357 INFO org.springframework.boot.StartupInfoLogger [main] Starting MilesAccountRepositoryTest using Java 11.0.12 on Lloyd-PC with PID 17036 (started by User-Pc in C:\Users\User-Pc\Desktop\account-system-api)
2021-10-09 21:09:27,358 DEBUG org.springframework.boot.StartupInfoLogger [main] Running with Spring Boot v2.4.10, Spring v5.3.9
2021-10-09 21:09:27,360 INFO org.springframework.boot.SpringApplication [main] No active profile set, falling back to default profiles: default
2021-10-09 21:09:30,396 INFO org.springframework.boot.StartupInfoLogger [main] Starting MilesAccountRepositoryTest using Java 11.0.12 on Lloyd-PC with PID 17036 (started by User-Pc in C:\Users\User-Pc\Desktop\account-system-api)
2021-10-09 21:09:30,397 DEBUG org.springframework.boot.StartupInfoLogger [main] Running with Spring Boot v2.4.10, Spring v5.3.9
2021-10-09 21:09:30,398 INFO org.springframework.boot.SpringApplication [main] No active profile set, falling back to default profiles: default
2021-10-09 21:10:00,671 INFO org.springframework.boot.StartupInfoLogger [main] Starting MilesAccountRepositoryTest using Java 11.0.12 on Lloyd-PC with PID 16216 (started by User-Pc in C:\Users\User-Pc\Desktop\account-system-api)
2021-10-09 21:10:00,673 DEBUG org.springframework.boot.StartupInfoLogger [main] Running with Spring Boot v2.4.10, Spring v5.3.9
2021-10-09 21:10:00,674 INFO org.springframework.boot.SpringApplication [main] No active profile set, falling back to default profiles: default
2021-10-09 21:10:03,671 INFO org.springframework.boot.StartupInfoLogger [main] Started MilesAccountRepositoryTest in 3.484 seconds (JVM running for 4.473)
2021-10-09 21:11:51,394 INFO org.springframework.boot.StartupInfoLogger [main] Starting MilesAccountRepositoryTest using Java 11.0.12 on Lloyd-PC with PID 20500 (started by User-Pc in C:\Users\User-Pc\Desktop\account-system-api)
2021-10-09 21:11:51,396 DEBUG org.springframework.boot.StartupInfoLogger [main] Running with Spring Boot v2.4.10, Spring v5.3.9
2021-10-09 21:11:51,398 INFO org.springframework.boot.SpringApplication [main] No active profile set, falling back to default profiles: default
2021-10-09 21:11:54,502 INFO org.springframework.boot.StartupInfoLogger [main] Started MilesAccountRepositoryTest in 3.594 seconds (JVM running for 4.588)
2021-10-09 21:12:15,735 INFO org.springframework.boot.StartupInfoLogger [main] Starting AccountSystemApiApplication using Java 11.0.12 on Lloyd-PC with PID 17316 (C:\Users\User-Pc\Desktop\account-system-api\target\classes started by User-Pc in C:\Users\User-Pc\Desktop\account-system-api)
2021-10-09 21:12:15,738 DEBUG org.springframework.boot.StartupInfoLogger [main] Running with Spring Boot v2.4.10, Spring v5.3.9
2021-10-09 21:12:15,739 INFO org.springframework.boot.SpringApplication [main] No active profile set, falling back to default profiles: default
2021-10-09 21:12:20,587 INFO org.springframework.boot.StartupInfoLogger [main] Started AccountSystemApiApplication in 5.367 seconds (JVM running for 5.822)
2021-10-09 21:12:20,595 DEBUG za.co.nwu.accountsystemapi.milesaccount.MilesAccountController [http-nio-8080-exec-1] Get Miles Account(s) Controller Fired
2021-10-09 21:12:24,251 DEBUG za.co.nwu.accountsystemapi.milesaccount.MilesAccountController [http-nio-8080-exec-2] Create Miles Account Controller Fired
2021-10-09 21:12:27,535 DEBUG za.co.nwu.accountsystemapi.milesaccount.MilesAccountController [http-nio-8080-exec-3] Create Miles Account Controller Fired
2021-10-09 21:12:27,893 DEBUG za.co.nwu.accountsystemapi.milesaccount.MilesAccountController [http-nio-8080-exec-4] Create Miles Account Controller Fired
2021-10-09 21:12:28,070 DEBUG za.co.nwu.accountsystemapi.milesaccount.MilesAccountController [http-nio-8080-exec-5] Create Miles Account Controller Fired
2021-10-09 21:12:28,245 DEBUG za.co.nwu.accountsystemapi.milesaccount.MilesAccountController [http-nio-8080-exec-6] Create Miles Account Controller Fired
2021-10-09 21:12:28,404 DEBUG za.co.nwu.accountsystemapi.milesaccount.MilesAccountController [http-nio-8080-exec-7] Create Miles Account Controller Fired
2021-10-09 21:12:28,580 DEBUG za.co.nwu.accountsystemapi.milesaccount.MilesAccountController [http-nio-8080-exec-8] Create Miles Account Controller Fired
2021-10-09 21:12:28,762 DEBUG za.co.nwu.accountsystemapi.milesaccount.MilesAccountController [http-nio-8080-exec-9] Create Miles Account Controller Fired
2021-10-09 21:14:08,048 INFO org.springframework.boot.StartupInfoLogger [main] Starting MilesAccountRepositoryTest using Java 11.0.12 on Lloyd-PC with PID 18968 (started by User-Pc in C:\Users\User-Pc\Desktop\account-system-api)
2021-10-09 21:14:08,049 DEBUG org.springframework.boot.StartupInfoLogger [main] Running with Spring Boot v2.4.10, Spring v5.3.9
2021-10-09 21:14:08,051 INFO org.springframework.boot.SpringApplication [main] No active profile set, falling back to default profiles: default
2021-10-09 21:14:11,088 INFO org.springframework.boot.StartupInfoLogger [main] Started MilesAccountRepositoryTest in 3.53 seconds (JVM running for 4.532)
2021-10-09 21:15:27,718 INFO org.springframework.boot.StartupInfoLogger [main] Starting MilesAccountRepositoryTest using Java 11.0.12 on Lloyd-PC with PID 7308 (started by User-Pc in C:\Users\User-Pc\Desktop\account-system-api)
2021-10-09 21:15:27,719 DEBUG org.springframework.boot.StartupInfoLogger [main] Running with Spring Boot v2.4.10, Spring v5.3.9
2021-10-09 21:15:27,721 INFO org.springframework.boot.SpringApplication [main] No active profile set, falling back to default profiles: default
2021-10-09 21:15:30,808 INFO org.springframework.boot.StartupInfoLogger [main] Started MilesAccountRepositoryTest in 3.568 seconds (JVM running for 4.555)
2021-10-09 21:15:36,373 INFO org.springframework.boot.StartupInfoLogger [main] Starting MilesAccountRepositoryTest using Java 11.0.12 on Lloyd-PC with PID 6568 (started by User-Pc in C:\Users\User-Pc\Desktop\account-system-api)
2021-10-09 21:15:36,374 DEBUG org.springframework.boot.StartupInfoLogger [main] Running with Spring Boot v2.4.10, Spring v5.3.9
2021-10-09 21:15:36,377 INFO org.springframework.boot.SpringApplication [main] No active profile set, falling back to default profiles: default
2021-10-09 21:15:39,481 INFO org.springframework.boot.StartupInfoLogger [main] Started MilesAccountRepositoryTest in 3.598 seconds (JVM running for 4.587)
2021-10-09 21:16:16,666 INFO org.springframework.boot.StartupInfoLogger [main] Starting MilesAccountRepositoryTest using Java 11.0.12 on Lloyd-PC with PID 19360 (started by User-Pc in C:\Users\User-Pc\Desktop\account-system-api)
2021-10-09 21:16:16,668 DEBUG org.springframework.boot.StartupInfoLogger [main] Running with Spring Boot v2.4.10, Spring v5.3.9
2021-10-09 21:16:16,670 INFO org.springframework.boot.SpringApplication [main] No active profile set, falling back to default profiles: default
2021-10-09 21:16:19,722 INFO org.springframework.boot.StartupInfoLogger [main] Started MilesAccountRepositoryTest in 3.54 seconds (JVM running for 4.533)
2021-10-09 21:17:45,173 INFO org.springframework.boot.StartupInfoLogger [main] Starting MilesAccountRepositoryTest using Java 11.0.12 on Lloyd-PC with PID 17132 (started by User-Pc in C:\Users\User-Pc\Desktop\account-system-api)
2021-10-09 21:17:45,175 DEBUG org.springframework.boot.StartupInfoLogger [main] Running with Spring Boot v2.4.10, Spring v5.3.9
2021-10-09 21:17:45,177 INFO org.springframework.boot.SpringApplication [main] No active profile set, falling back to default profiles: default
2021-10-09 21:17:48,237 INFO org.springframework.boot.StartupInfoLogger [main] Started MilesAccountRepositoryTest in 3.539 seconds (JVM running for 4.536)
2021-10-09 21:19:22,443 INFO org.springframework.boot.StartupInfoLogger [main] Starting MilesAccountRepositoryTest using Java 11.0.12 on Lloyd-PC with PID 19584 (started by User-Pc in C:\Users\User-Pc\Desktop\account-system-api)
2021-10-09 21:19:22,445 DEBUG org.springframework.boot.StartupInfoLogger [main] Running with Spring Boot v2.4.10, Spring v5.3.9
2021-10-09 21:19:22,447 INFO org.springframework.boot.SpringApplication [main] No active profile set, falling back to default profiles: default
2021-10-09 21:19:25,505 INFO org.springframework.boot.StartupInfoLogger [main] Started MilesAccountRepositoryTest in 3.54 seconds (JVM running for 4.523)
2021-10-09 21:21:12,584 INFO org.springframework.boot.StartupInfoLogger [main] Starting MilesAccountRepositoryTest using Java 11.0.12 on Lloyd-PC with PID 3636 (started by User-Pc in C:\Users\User-Pc\Desktop\account-system-api)
2021-10-09 21:21:12,586 DEBUG org.springframework.boot.StartupInfoLogger [main] Running with Spring Boot v2.4.10, Spring v5.3.9
2021-10-09 21:21:12,588 INFO org.springframework.boot.SpringApplication [main] No active profile set, falling back to default profiles: default
2021-10-09 21:21:15,611 INFO org.springframework.boot.StartupInfoLogger [main] Started MilesAccountRepositoryTest in 3.504 seconds (JVM running for 4.477)
2021-10-09 21:21:21,572 INFO org.springframework.boot.StartupInfoLogger [main] Starting MilesAccountRepositoryTest using Java 11.0.12 on Lloyd-PC with PID 14232 (started by User-Pc in C:\Users\User-Pc\Desktop\account-system-api)
2021-10-09 21:21:21,574 DEBUG org.springframework.boot.StartupInfoLogger [main] Running with Spring Boot v2.4.10, Spring v5.3.9
2021-10-09 21:21:21,576 INFO org.springframework.boot.SpringApplication [main] No active profile set, falling back to default profiles: default
2021-10-09 21:21:24,590 INFO org.springframework.boot.StartupInfoLogger [main] Started MilesAccountRepositoryTest in 3.502 seconds (JVM running for 4.495)
2021-10-09 21:29:18,912 INFO org.springframework.boot.StartupInfoLogger [main] Starting UserRepositoryTest using Java 11.0.12 on Lloyd-PC with PID 14136 (started by User-Pc in C:\Users\User-Pc\Desktop\account-system-api)
2021-10-09 21:29:18,914 DEBUG org.springframework.boot.StartupInfoLogger [main] Running with Spring Boot v2.4.10, Spring v5.3.9
2021-10-09 21:29:18,917 INFO org.springframework.boot.SpringApplication [main] No active profile set, falling back to default profiles: default
2021-10-09 21:29:22,013 INFO org.springframework.boot.StartupInfoLogger [main] Started UserRepositoryTest in 3.599 seconds (JVM running for 4.661)
2021-10-09 21:29:42,425 INFO org.springframework.boot.StartupInfoLogger [main] Starting MilesAccountRepositoryTest using Java 11.0.12 on Lloyd-PC with PID 22460 (started by User-Pc in C:\Users\User-Pc\Desktop\account-system-api)
2021-10-09 21:29:42,427 DEBUG org.springframework.boot.StartupInfoLogger [main] Running with Spring Boot v2.4.10, Spring v5.3.9
2021-10-09 21:29:42,429 INFO org.springframework.boot.SpringApplication [main] No active profile set, falling back to default profiles: default
2021-10-09 21:29:45,523 INFO org.springframework.boot.StartupInfoLogger [main] Started MilesAccountRepositoryTest in 3.629 seconds (JVM running for 4.704)
